2020-04-10 13:16:15.861 INFO [main] [Opencart.stepdefinition.Loginsd] [a_user_launch_the_browser] [Opencart.stepdefinition.Loginsd.a_user_launch_the_browser(Loginsd.java:24)] - browser opens
2020-04-10 13:16:19.291 DEBUG [main] [Opencart.stepdefinition.Loginsd] [the_user_opens_opencart_login_page] [Opencart.stepdefinition.Loginsd.the_user_opens_opencart_login_page(Loginsd.java:33)] - login page
2020-04-10 13:23:36.381 INFO [main] [Opencart.stepdefinition.Loginsd] [a_user_launch_the_browser] [Opencart.stepdefinition.Loginsd.a_user_launch_the_browser(Loginsd.java:24)] - browser opens
2020-04-10 13:23:39.339 DEBUG [main] [Opencart.stepdefinition.Loginsd] [the_user_opens_opencart_login_page] [Opencart.stepdefinition.Loginsd.the_user_opens_opencart_login_page(Loginsd.java:33)] - login page
2020-04-10 13:23:50.023 INFO [main] [Opencart.stepdefinition.Loginsd] [the_user_login_using_and] [Opencart.stepdefinition.Loginsd.the_user_login_using_and(Loginsd.java:42)] - sucessful login
2020-04-10 13:23:52.443 ERROR [main] [Opencart.stepdefinition.Loginsd] [the_user_close_the_login_page] [Opencart.stepdefinition.Loginsd.the_user_close_the_login_page(Loginsd.java:49)] - browser is closed
2020-04-10 13:32:44.802 INFO [main] [Opencart.stepdefinition.Loginsd] [a_user_launch_the_browser] [Opencart.stepdefinition.Loginsd.a_user_launch_the_browser(Loginsd.java:24)] - browser opens
2020-04-10 13:32:50.905 DEBUG [main] [Opencart.stepdefinition.Loginsd] [the_user_opens_opencart_login_page] [Opencart.stepdefinition.Loginsd.the_user_opens_opencart_login_page(Loginsd.java:33)] - login page
2020-04-10 13:35:00.692 INFO [main] [Opencart.stepdefinition.Loginsd] [a_user_launch_the_browser] [Opencart.stepdefinition.Loginsd.a_user_launch_the_browser(Loginsd.java:24)] - browser opens
2020-04-10 13:35:03.460 DEBUG [main] [Opencart.stepdefinition.Loginsd] [the_user_opens_opencart_login_page] [Opencart.stepdefinition.Loginsd.the_user_opens_opencart_login_page(Loginsd.java:33)] - login page
2020-04-10 13:41:34.645 INFO [main] [Opencart.stepdefinition.Loginsd] [a_user_launch_the_browser] [Opencart.stepdefinition.Loginsd.a_user_launch_the_browser(Loginsd.java:24)] - browser opens
2020-04-10 13:41:37.892 DEBUG [main] [Opencart.stepdefinition.Loginsd] [the_user_opens_opencart_login_page] [Opencart.stepdefinition.Loginsd.the_user_opens_opencart_login_page(Loginsd.java:33)] - login page
2020-04-10 13:45:01.533 INFO [main] [Opencart.stepdefinition.Loginsd] [a_user_launch_the_browser] [Opencart.stepdefinition.Loginsd.a_user_launch_the_browser(Loginsd.java:24)] - browser opens
2020-04-10 13:45:04.541 DEBUG [main] [Opencart.stepdefinition.Loginsd] [the_user_opens_opencart_login_page] [Opencart.stepdefinition.Loginsd.the_user_opens_opencart_login_page(Loginsd.java:33)] - login page
2020-04-10 13:56:08.376 INFO [main] [Opencart.stepdefinition.Loginsd] [a_user_launch_the_browser] [Opencart.stepdefinition.Loginsd.a_user_launch_the_browser(Loginsd.java:24)] - browser opens
2020-04-10 13:56:11.364 DEBUG [main] [Opencart.stepdefinition.Loginsd] [the_user_opens_opencart_login_page] [Opencart.stepdefinition.Loginsd.the_user_opens_opencart_login_page(Loginsd.java:33)] - login page
2020-04-10 13:56:27.212 INFO [main] [Opencart.stepdefinition.Loginsd] [the_user_login_using_and] [Opencart.stepdefinition.Loginsd.the_user_login_using_and(Loginsd.java:42)] - sucessful login
2020-04-10 13:56:28.411 ERROR [main] [Opencart.stepdefinition.Loginsd] [the_user_close_the_login_page] [Opencart.stepdefinition.Loginsd.the_user_close_the_login_page(Loginsd.java:49)] - browser is closed
2020-04-10 13:58:45.384 INFO [main] [Opencart.stepdefinition.Loginsd] [a_user_launch_the_browser] [Opencart.stepdefinition.Loginsd.a_user_launch_the_browser(Loginsd.java:24)] - browser opens
2020-04-10 13:58:48.421 DEBUG [main] [Opencart.stepdefinition.Loginsd] [the_user_opens_opencart_login_page] [Opencart.stepdefinition.Loginsd.the_user_opens_opencart_login_page(Loginsd.java:33)] - login page
2020-04-10 13:59:00.592 INFO [main] [Opencart.stepdefinition.Loginsd] [the_user_login_using_and] [Opencart.stepdefinition.Loginsd.the_user_login_using_and(Loginsd.java:42)] - sucessful login
2020-04-10 13:59:01.772 ERROR [main] [Opencart.stepdefinition.Loginsd] [the_user_close_the_login_page] [Opencart.stepdefinition.Loginsd.the_user_close_the_login_page(Loginsd.java:49)] - browser is closed
2020-04-10 14:04:18.883 DEBUG [main] [Opencart.Pages.Currency_OCpage] [the_user_clicks_on_currency_and_choose_currency] [Opencart.stepdefinition.CurrencySd.the_user_clicks_on_currency_and_choose_currency(CurrencySd.java:25)] - product selected
2020-04-10 14:04:33.790 DEBUG [main] [Opencart.Pages.Currency_OCpage] [the_user_choose_the_product] [Opencart.stepdefinition.CurrencySd.the_user_choose_the_product(CurrencySd.java:32)] - currency clicked
2020-04-10 14:04:36.255 ERROR [main] [Opencart.Pages.Currency_OCpage] [the_user_close_the_opencart] [Opencart.stepdefinition.CurrencySd.the_user_close_the_opencart(CurrencySd.java:39)] - page is closed
2020-04-10 14:08:49.374 INFO [main] [Opencart.stepdefinition.Searchsd] [launch_the_browser] [Opencart.stepdefinition.Searchsd.launch_the_browser(Searchsd.java:20)] - browser opens
2020-04-10 14:08:50.325 DEBUG [main] [Opencart.stepdefinition.Searchsd] [the_user_opens_the_opencart_search_page] [Opencart.stepdefinition.Searchsd.the_user_opens_the_opencart_search_page(Searchsd.java:28)] - product opened
2020-04-10 14:08:52.628 INFO [main] [Opencart.stepdefinition.Searchsd] [the_user_search_the_product] [Opencart.stepdefinition.Searchsd.the_user_search_the_product(Searchsd.java:36)] - product searched
2020-04-10 14:08:53.436 ERROR [main] [Opencart.stepdefinition.Searchsd] [the_user_close_the_search_page] [Opencart.stepdefinition.Searchsd.the_user_close_the_search_page(Searchsd.java:45)] - browser is closed
2020-04-10 14:11:24.197 INFO [main] [Opencart.stepdefinition.Searchsd] [launch_the_browser] [Opencart.stepdefinition.Searchsd.launch_the_browser(Searchsd.java:20)] - browser opens
2020-04-10 14:11:25.783 DEBUG [main] [Opencart.stepdefinition.Searchsd] [the_user_opens_the_opencart_search_page] [Opencart.stepdefinition.Searchsd.the_user_opens_the_opencart_search_page(Searchsd.java:28)] - product opened
2020-04-10 14:11:28.000 INFO [main] [Opencart.stepdefinition.Searchsd] [the_user_search_the_product] [Opencart.stepdefinition.Searchsd.the_user_search_the_product(Searchsd.java:36)] - product searched
2020-04-10 14:11:29.100 ERROR [main] [Opencart.stepdefinition.Searchsd] [the_user_close_the_search_page] [Opencart.stepdefinition.Searchsd.the_user_close_the_search_page(Searchsd.java:45)] - browser is closed
2020-04-10 14:12:42.992 INFO [main] [Opencart.stepdefinition.Specialssd] [the_user_to_open_browser_chrome] [Opencart.stepdefinition.Specialssd.the_user_to_open_browser_chrome(Specialssd.java:20)] - browser opens
2020-04-10 14:12:47.080 DEBUG [main] [Opencart.stepdefinition.Specialssd] [the_user_clicks_on_the_specials] [Opencart.stepdefinition.Specialssd.the_user_clicks_on_the_specials(Specialssd.java:27)] - Special selected
2020-04-10 14:12:47.286 INFO [main] [Opencart.stepdefinition.Specialssd] [the_user_will_see_the_specials_and_add_to_the_cart] [Opencart.stepdefinition.Specialssd.the_user_will_see_the_specials_and_add_to_the_cart(Specialssd.java:34)] - Specials added
2020-04-10 14:12:49.088 ERROR [main] [Opencart.stepdefinition.Specialssd] [the_user_close_the_site_and_browser] [Opencart.stepdefinition.Specialssd.the_user_close_the_site_and_browser(Specialssd.java:41)] - page is closed
2020-04-10 14:25:54.367 INFO [main] [Opencart.stepdefinition.Loginsd] [a_user_launch_the_browser] [Opencart.stepdefinition.Loginsd.a_user_launch_the_browser(Loginsd.java:24)] - browser opens
2020-04-10 14:25:56.737 DEBUG [main] [Opencart.stepdefinition.Loginsd] [the_user_opens_opencart_login_page] [Opencart.stepdefinition.Loginsd.the_user_opens_opencart_login_page(Loginsd.java:33)] - login page
2020-04-10 14:26:03.046 INFO [main] [Opencart.stepdefinition.Loginsd] [the_user_login_using_and] [Opencart.stepdefinition.Loginsd.the_user_login_using_and(Loginsd.java:42)] - sucessful login
2020-04-10 14:26:03.961 ERROR [main] [Opencart.stepdefinition.Loginsd] [the_user_close_the_login_page] [Opencart.stepdefinition.Loginsd.the_user_close_the_login_page(Loginsd.java:49)] - browser is closed
2020-04-10 14:26:47.533 INFO [main] [Opencart.stepdefinition.Searchsd] [launch_the_browser] [Opencart.stepdefinition.Searchsd.launch_the_browser(Searchsd.java:20)] - browser opens
2020-04-10 14:26:48.074 DEBUG [main] [Opencart.stepdefinition.Searchsd] [the_user_opens_the_opencart_search_page] [Opencart.stepdefinition.Searchsd.the_user_opens_the_opencart_search_page(Searchsd.java:28)] - product opened
2020-04-10 14:26:50.054 INFO [main] [Opencart.stepdefinition.Searchsd] [the_user_search_the_product] [Opencart.stepdefinition.Searchsd.the_user_search_the_product(Searchsd.java:36)] - product searched
2020-04-10 14:26:50.745 ERROR [main] [Opencart.stepdefinition.Searchsd] [the_user_close_the_search_page] [Opencart.stepdefinition.Searchsd.the_user_close_the_search_page(Searchsd.java:45)] - browser is closed
2020-04-10 14:27:42.575 DEBUG [main] [Opencart.Pages.Currency_OCpage] [the_user_clicks_on_currency_and_choose_currency] [Opencart.stepdefinition.CurrencySd.the_user_clicks_on_currency_and_choose_currency(CurrencySd.java:25)] - product selected
2020-04-10 14:27:49.147 DEBUG [main] [Opencart.Pages.Currency_OCpage] [the_user_choose_the_product] [Opencart.stepdefinition.CurrencySd.the_user_choose_the_product(CurrencySd.java:32)] - currency clicked
2020-04-10 14:27:50.317 ERROR [main] [Opencart.Pages.Currency_OCpage] [the_user_close_the_opencart] [Opencart.stepdefinition.CurrencySd.the_user_close_the_opencart(CurrencySd.java:39)] - page is closed
2020-04-10 14:28:48.294 INFO [main] [Opencart.stepdefinition.Selectprodsd] [user_opens_the_chrome_browser] [Opencart.stepdefinition.Selectprodsd.user_opens_the_chrome_browser(Selectprodsd.java:20)] - browser opens
2020-04-10 14:28:56.501 DEBUG [main] [Opencart.stepdefinition.Selectprodsd] [user_select_product] [Opencart.stepdefinition.Selectprodsd.user_select_product(Selectprodsd.java:28)] - product selected
2020-04-10 14:28:56.712 INFO [main] [Opencart.stepdefinition.Selectprodsd] [user_add_the_product_to_cart] [Opencart.stepdefinition.Selectprodsd.user_add_the_product_to_cart(Selectprodsd.java:35)] - product added
2020-04-10 14:28:59.324 ERROR [main] [Opencart.stepdefinition.Selectprodsd] [close_the_opencart_page] [Opencart.stepdefinition.Selectprodsd.close_the_opencart_page(Selectprodsd.java:42)] - page is closed
2020-04-10 14:31:07.888 INFO [main] [Opencart.stepdefinition.Loginsd] [a_user_launch_the_browser] [Opencart.stepdefinition.Loginsd.a_user_launch_the_browser(Loginsd.java:24)] - browser opens
2020-04-10 14:31:10.091 DEBUG [main] [Opencart.stepdefinition.Loginsd] [the_user_opens_opencart_login_page] [Opencart.stepdefinition.Loginsd.the_user_opens_opencart_login_page(Loginsd.java:33)] - login page
2020-04-10 14:31:17.877 INFO [main] [Opencart.stepdefinition.Loginsd] [the_user_login_using_and] [Opencart.stepdefinition.Loginsd.the_user_login_using_and(Loginsd.java:42)] - sucessful login
2020-04-10 14:31:18.512 ERROR [main] [Opencart.stepdefinition.Loginsd] [the_user_close_the_login_page] [Opencart.stepdefinition.Loginsd.the_user_close_the_login_page(Loginsd.java:49)] - browser is closed
2020-04-10 14:31:43.889 INFO [main] [Opencart.stepdefinition.Searchsd] [launch_the_browser] [Opencart.stepdefinition.Searchsd.launch_the_browser(Searchsd.java:20)] - browser opens
2020-04-10 14:31:44.322 DEBUG [main] [Opencart.stepdefinition.Searchsd] [the_user_opens_the_opencart_search_page] [Opencart.stepdefinition.Searchsd.the_user_opens_the_opencart_search_page(Searchsd.java:28)] - product opened
2020-04-10 14:31:46.301 INFO [main] [Opencart.stepdefinition.Searchsd] [the_user_search_the_product] [Opencart.stepdefinition.Searchsd.the_user_search_the_product(Searchsd.java:36)] - product searched
2020-04-10 14:31:46.833 ERROR [main] [Opencart.stepdefinition.Searchsd] [the_user_close_the_search_page] [Opencart.stepdefinition.Searchsd.the_user_close_the_search_page(Searchsd.java:45)] - browser is closed
2020-04-10 14:32:08.593 INFO [main] [Opencart.stepdefinition.Specialssd] [the_user_to_open_browser_chrome] [Opencart.stepdefinition.Specialssd.the_user_to_open_browser_chrome(Specialssd.java:20)] - browser opens
2020-04-10 14:32:10.835 DEBUG [main] [Opencart.stepdefinition.Specialssd] [the_user_clicks_on_the_specials] [Opencart.stepdefinition.Specialssd.the_user_clicks_on_the_specials(Specialssd.java:27)] - Special selected
2020-04-10 14:32:11.046 INFO [main] [Opencart.stepdefinition.Specialssd] [the_user_will_see_the_specials_and_add_to_the_cart] [Opencart.stepdefinition.Specialssd.the_user_will_see_the_specials_and_add_to_the_cart(Specialssd.java:34)] - Specials added
2020-04-10 14:32:11.795 ERROR [main] [Opencart.stepdefinition.Specialssd] [the_user_close_the_site_and_browser] [Opencart.stepdefinition.Specialssd.the_user_close_the_site_and_browser(Specialssd.java:41)] - page is closed
2020-04-10 14:32:35.201 INFO [main] [Opencart.stepdefinition.Selectprodsd] [user_opens_the_chrome_browser] [Opencart.stepdefinition.Selectprodsd.user_opens_the_chrome_browser(Selectprodsd.java:20)] - browser opens
2020-04-10 14:32:41.853 DEBUG [main] [Opencart.stepdefinition.Selectprodsd] [user_select_product] [Opencart.stepdefinition.Selectprodsd.user_select_product(Selectprodsd.java:28)] - product selected
2020-04-10 14:32:41.987 INFO [main] [Opencart.stepdefinition.Selectprodsd] [user_add_the_product_to_cart] [Opencart.stepdefinition.Selectprodsd.user_add_the_product_to_cart(Selectprodsd.java:35)] - product added
2020-04-10 14:32:42.976 ERROR [main] [Opencart.stepdefinition.Selectprodsd] [close_the_opencart_page] [Opencart.stepdefinition.Selectprodsd.close_the_opencart_page(Selectprodsd.java:42)] - page is closed
2020-04-10 14:33:32.442 DEBUG [main] [Opencart.Pages.Currency_OCpage] [the_user_clicks_on_currency_and_choose_currency] [Opencart.stepdefinition.CurrencySd.the_user_clicks_on_currency_and_choose_currency(CurrencySd.java:25)] - product selected
2020-04-10 14:33:38.295 DEBUG [main] [Opencart.Pages.Currency_OCpage] [the_user_choose_the_product] [Opencart.stepdefinition.CurrencySd.the_user_choose_the_product(CurrencySd.java:32)] - currency clicked
2020-04-10 14:33:39.062 ERROR [main] [Opencart.Pages.Currency_OCpage] [the_user_close_the_opencart] [Opencart.stepdefinition.CurrencySd.the_user_close_the_opencart(CurrencySd.java:39)] - page is closed
